<?xml version="1.0" encoding="UTF-8"?>
<testsuite name="org.example.MoneyTest" tests="1" skipped="0" failures="0" errors="0" timestamp="2024-04-10T04:58:58" hostname="DESKTOP-FA86KVN" time="0.092">
  <properties/>
  <testcase name="constructorShouldSetAmountAndCurrency()" classname="org.example.MoneyTest" time="0.092"/>
  <system-out><![CDATA[]]></system-out>
  <system-err><![CDATA[]]></system-err>
</testsuite>
