<?xml version="1.0" encoding="UTF-8"?>
<testsuite name="FootballTeamTest" tests="1" skipped="0" failures="0" errors="0" timestamp="2024-04-15T15:11:33" hostname="lara" time="0.071">
  <properties/>
  <testcase name="constructorShouldSetGamesWon()" classname="FootballTeamTest" time="0.071"/>
  <system-out><![CDATA[]]></system-out>
  <system-err><![CDATA[]]></system-err>
</testsuite>
