<?xml version="1.0" encoding="UTF-8"?>
<testsuite name="FootballTeamTest" tests="1" skipped="0" failures="0" errors="0" timestamp="2024-04-21T21:50:07" hostname="DESKTOP-95F1O9I" time="0.056">
  <properties/>
  <testcase name="constructorShouldSetGamesWon()" classname="FootballTeamTest" time="0.056"/>
  <system-out><![CDATA[]]></system-out>
  <system-err><![CDATA[]]></system-err>
</testsuite>
