<?xml version="1.0" encoding="UTF-8"?>
<testsuite name="WordTest" tests="1" skipped="0" failures="0" errors="0" timestamp="2024-05-04T19:31:04" hostname="DESKTOP-95F1O9I" time="0.039">
  <properties/>
  <testcase name="oneIncorrectLetter()" classname="WordTest" time="0.039"/>
  <system-out><![CDATA[]]></system-out>
  <system-err><![CDATA[]]></system-err>
</testsuite>
