<?xml version="1.0" encoding="UTF-8"?>
<testsuite name="org.example.NumerosAleatoriosTest" tests="1" skipped="0" failures="0" errors="0" timestamp="2024-05-29T13:25:38" hostname="DESKTOP-FA86KVN" time="0.159">
  <properties/>
  <testcase name="numberGeneratedShouldBeInRange()" classname="org.example.NumerosAleatoriosTest" time="0.159"/>
  <system-out><![CDATA[]]></system-out>
  <system-err><![CDATA[]]></system-err>
</testsuite>
