<?xml version="1.0" encoding="UTF-8"?>
<testsuite name="org.example.LCOMCalculatorTest" tests="1" skipped="0" failures="0" errors="0" timestamp="2024-05-21T18:32:58" hostname="DESKTOP-95F1O9I" time="0.012">
  <properties/>
  <testcase name="testAddMethod()" classname="org.example.LCOMCalculatorTest" time="0.012"/>
  <system-out><![CDATA[]]></system-out>
  <system-err><![CDATA[]]></system-err>
</testsuite>
