<?xml version="1.0" encoding="UTF-8"?>
<testsuite name="org.example.GameTest" tests="1" skipped="0" failures="0" errors="0" timestamp="2024-06-05T14:36:31" hostname="DESKTOP-FA86KVN" time="0.111">
  <properties/>
  <testcase name="feedBackGeneratorShouuldReturnFeedback()" classname="org.example.GameTest" time="0.111"/>
  <system-out><![CDATA[]]></system-out>
  <system-err><![CDATA[]]></system-err>
</testsuite>
