<?xml version="1.0" encoding="UTF-8"?>
<testsuite name="org.example.GameTest" tests="1" skipped="0" failures="0" errors="0" timestamp="2024-06-26T13:14:49" hostname="DESKTOP-FA86KVN" time="5.965">
  <properties/>
  <testcase name="testShowMapShouldShowAMap()" classname="org.example.GameTest" time="5.965"/>
  <system-out><![CDATA[' ' ' ' 'C' ' ' ' ' 
' ' 'C' ' ' ' ' ' ' 
'C' ' ' ' ' 'C' 'B' 
' ' ' ' 'C' ' ' ' ' 
' ' ' ' ' ' ' ' ' ' 
]]></system-out>
  <system-err><![CDATA[]]></system-err>
</testsuite>
