<?xml version="1.0" encoding="UTF-8"?>
<testsuite name="org.example.GameTest" tests="1" skipped="0" failures="0" errors="0" timestamp="2024-06-29T15:38:15" hostname="DESKTOP-95F1O9I" time="3.002">
  <properties/>
  <testcase name="testPlaceTower()" classname="org.example.GameTest" time="3.002"/>
  <system-out><![CDATA[]]></system-out>
  <system-err><![CDATA[]]></system-err>
</testsuite>
