<?xml version="1.0" encoding="UTF-8"?>
<testsuite name="org.example.HelloMockitoTestFull" tests="1" skipped="0" failures="0" errors="0" timestamp="2024-06-03T18:39:18" hostname="DESKTOP-FA86KVN" time="1.908">
  <properties/>
  <testcase name="Greet Admiral Hopper" classname="org.example.HelloMockitoTestFull" time="1.908"/>
  <system-out><![CDATA[]]></system-out>
  <system-err><![CDATA[]]></system-err>
</testsuite>
