<?xml version="1.0" encoding="UTF-8"?>
<testsuite name="Tests" tests="1" skipped="0" failures="0" errors="0" timestamp="2024-05-08T14:47:41" hostname="DESKTOP-FA86KVN" time="0.087">
  <properties/>
  <testcase name="showResultsShouldWork()" classname="Tests" time="0.087"/>
  <system-out><![CDATA[]]></system-out>
  <system-err><![CDATA[]]></system-err>
</testsuite>
