<?xml version="1.0" encoding="UTF-8"?>
<testsuite name="org.example.GameTest" tests="1" skipped="0" failures="0" errors="0" timestamp="2024-06-05T13:32:28" hostname="DESKTOP-FA86KVN" time="0.092">
  <properties/>
  <testcase name="hintGeneratorShouldReturnAHint()" classname="org.example.GameTest" time="0.092"/>
  <system-out><![CDATA[]]></system-out>
  <system-err><![CDATA[]]></system-err>
</testsuite>
